<?xml version="1.0" encoding="UTF-8"?>
<!-- Generated by org.testng.reporters.JUnitReportReporter -->
<testsuite skipped="0" hostname="XSHD--20161124D" name="appium.SwipeAction" tests="1" failures="0" timestamp="22 五月 2018 13:01:37 GMT" time="8.208" errors="0">
  <testcase name="swipingHorizontal" time="8.208" classname="appium.SwipeAction"/>
</testsuite> <!-- appium.SwipeAction -->
