<?xml version="1.0" encoding="UTF-8"?>
<!-- Generated by org.testng.reporters.JUnitReportReporter -->
<testsuite skipped="0" hostname="XSHD--20161124D" name="appium.CaptureScreenShot" tests="1" failures="0" timestamp="23 五月 2018 12:58:05 GMT" time="3.502" errors="0">
  <testcase name="ScrollToTab" time="3.502" classname="appium.CaptureScreenShot"/>
</testsuite> <!-- appium.CaptureScreenShot -->
