<?xml version="1.0" encoding="UTF-8"?>
<!-- Generated by org.testng.reporters.JUnitReportReporter -->
<testsuite skipped="0" hostname="XSHD--20161124D" name="appium.SelectDropDownValue" tests="1" failures="0" timestamp="24 五月 2018 14:18:18 GMT" time="30.883" errors="0">
  <testcase name="typeInText" time="30.883" classname="appium.SelectDropDownValue"/>
</testsuite> <!-- appium.SelectDropDownValue -->
