<?xml version="1.0" encoding="UTF-8"?>
<!-- Generated by org.testng.reporters.JUnitReportReporter -->
<testsuite skipped="0" hostname="XSHD--20161124D" name="appium.SelectingRadioButton" tests="1" failures="0" timestamp="24 五月 2018 14:29:52 GMT" time="13.765" errors="0">
  <testcase name="typeInText" time="13.765" classname="appium.SelectingRadioButton"/>
</testsuite> <!-- appium.SelectingRadioButton -->
