<?xml version="1.0" encoding="UTF-8"?>
<!-- Generated by org.testng.reporters.JUnitReportReporter -->
<testsuite skipped="0" hostname="XSHD--20161124D" name="appium.DragAndDropAction" tests="1" failures="0" timestamp="21 五月 2018 15:31:32 GMT" time="8.985" errors="0">
  <testcase name="dragDrop" time="8.985" classname="appium.DragAndDropAction"/>
</testsuite> <!-- appium.DragAndDropAction -->
