<?xml version="1.0" encoding="UTF-8"?>
<!-- Generated by org.testng.reporters.JUnitReportReporter -->
<testsuite skipped="0" hostname="XSHD--20161124D" name="appium.SimpleAndroidCalcTest" tests="1" failures="0" timestamp="23 五月 2018 17:03:50 GMT" time="9.635" errors="0">
  <testcase name="Sum" time="9.635" classname="appium.SimpleAndroidCalcTest"/>
</testsuite> <!-- appium.SimpleAndroidCalcTest -->
