<?xml version="1.0" encoding="UTF-8"?>
<!-- Generated by org.testng.reporters.JUnitReportReporter -->
<testsuite skipped="0" hostname="XSHD--20161124D" name="appium.SelectingCheckBox" tests="1" failures="0" timestamp="24 五月 2018 14:01:33 GMT" time="25.000" errors="0">
  <testcase name="typeInText" time="25.000" classname="appium.SelectingCheckBox"/>
</testsuite> <!-- appium.SelectingCheckBox -->
