<?xml version="1.0" encoding="UTF-8"?>
<!-- Generated by org.testng.reporters.JUnitReportReporter -->
<testsuite skipped="0" hostname="XSHD--20161124D" name="appium.TypeInTextBox" tests="1" failures="0" timestamp="24 五月 2018 13:53:19 GMT" time="21.419" errors="0">
  <testcase name="typeInText" time="21.419" classname="appium.TypeInTextBox"/>
</testsuite> <!-- appium.TypeInTextBox -->
