<?xml version="1.0" encoding="UTF-8"?>
<!-- Generated by org.testng.reporters.JUnitReportReporter -->
<testsuite skipped="0" hostname="XSHD--20161124D" name="appium.HandleAlert" tests="1" failures="0" timestamp="22 五月 2018 14:30:29 GMT" time="14.417" errors="0">
  <testcase name="okOnAlert" time="14.417" classname="appium.HandleAlert"/>
</testsuite> <!-- appium.HandleAlert -->
